2020-12-11 21:02:48:263 INFO  [main][ServerStateTransformerStarter.java:15] - version 0.0.1
2020-12-11 21:02:48:676 INFO  [main][RpcServer.java:47] - raft服务启动，端口：8040
2020-12-11 21:02:49:552 ERROR [main][PersistentStateModel.java:58] - You have to open all column families. Column families not opened: log
org.rocksdb.RocksDBException: You have to open all column families. Column families not opened: log
	at org.rocksdb.TransactionDB.open(Native Method) ~[rocksdbjni-6.13.3.jar:?]
	at org.rocksdb.TransactionDB.open(TransactionDB.java:46) ~[rocksdbjni-6.13.3.jar:?]
	at org.top.models.PersistentStateModel.init(PersistentStateModel.java:55) [classes/:?]
	at org.top.models.PersistentStateModel.<clinit>(PersistentStateModel.java:47) [classes/:?]
	at org.top.core.machine.StateMachineHandlerImpl.<init>(StateMachineHandlerImpl.java:28) [classes/:?]
	at org.top.core.ServerStateTransformerStarter.start(ServerStateTransformerStarter.java:18) [classes/:?]
	at org.top.Test1.main(Test1.java:20) [classes/:?]
2020-12-11 21:02:49:575 INFO  [snapshot-thread][SnapshotExec.java:72] - 快照生成线程启动
2020-12-11 21:02:49:579 INFO  [main][FollowerStateImpl.java:27] - 跟随者
2020-12-11 21:02:54:059 INFO  [main][FollowerStateImpl.java:40] - 主节点无心跳，发起预投票
2020-12-11 21:02:54:061 INFO  [main][FollowerStateImpl.java:48] - 跟随者预投票
java.lang.NullPointerException: null
	at org.top.models.PersistentStateModel.getCurrentTerm(PersistentStateModel.java:136) ~[classes/:?]
	at org.top.core.FollowerStateImpl.votePro(FollowerStateImpl.java:59) ~[classes/:?]
	at org.top.core.FollowerStateImpl.execute(FollowerStateImpl.java:42) [classes/:?]
	at org.top.core.ServerStateTransformerStarter.start(ServerStateTransformerStarter.java:22) [classes/:?]
	at org.top.Test1.main(Test1.java:20) [classes/:?]
